<?xml version="1.0" encoding="UTF-8"?>
<testng-results skipped="0" failed="0" ignored="0" total="1" passed="1">
  <reporter-output>
  </reporter-output>
  <suite name="Default suite" duration-ms="3504" started-at="2020-02-12T13:03:45 IST" finished-at="2020-02-12T13:03:48 IST">
    <groups>
    </groups>
    <test name="Default test" duration-ms="3504" started-at="2020-02-12T13:03:45 IST" finished-at="2020-02-12T13:03:48 IST">
      <class name="test1.postRequest">
        <test-method status="PASS" signature="test1()[pri:0, instance:test1.postRequest@436e852b]" name="test1" duration-ms="3459" started-at="2020-02-12T13:03:45 IST" finished-at="2020-02-12T13:03:48 IST">
          <reporter-output>
          </reporter-output>
        </test-method> <!-- test1 -->
      </class> <!-- test1.postRequest -->
    </test> <!-- Default test -->
  </suite> <!-- Default suite -->
</testng-results>
