<?xml version="1.0" encoding="UTF-8"?>
<testng-results skipped="0" failed="0" ignored="0" total="1" passed="1">
  <reporter-output>
  </reporter-output>
  <suite name="Default suite" duration-ms="14261" started-at="2020-02-07T11:34:09 IST" finished-at="2020-02-07T11:34:23 IST">
    <groups>
    </groups>
    <test name="Default test" duration-ms="14261" started-at="2020-02-07T11:34:09 IST" finished-at="2020-02-07T11:34:23 IST">
      <class name="Practice.Jobs15">
        <test-method status="PASS" signature="newww()[pri:0, instance:Practice.Jobs15@2a742aa2]" name="newww" duration-ms="14198" started-at="2020-02-07T11:34:09 IST" finished-at="2020-02-07T11:34:23 IST">
          <reporter-output>
          </reporter-output>
        </test-method> <!-- newww -->
      </class> <!-- Practice.Jobs15 -->
    </test> <!-- Default test -->
  </suite> <!-- Default suite -->
</testng-results>
