<?xml version="1.0" encoding="UTF-8"?>
<testng-results skipped="0" failed="0" ignored="0" total="1" passed="1">
  <reporter-output>
  </reporter-output>
  <suite name="Default suite" duration-ms="12588" started-at="2020-02-13T15:17:18 IST" finished-at="2020-02-13T15:17:31 IST">
    <groups>
    </groups>
    <test name="Default test" duration-ms="12588" started-at="2020-02-13T15:17:18 IST" finished-at="2020-02-13T15:17:31 IST">
      <class name="Practice.CRM1">
        <test-method status="PASS" signature="crm1()[pri:0, instance:Practice.CRM1@2a742aa2]" name="crm1" duration-ms="12518" started-at="2020-02-13T15:17:18 IST" finished-at="2020-02-13T15:17:31 IST">
          <reporter-output>
          </reporter-output>
        </test-method> <!-- crm1 -->
      </class> <!-- Practice.CRM1 -->
    </test> <!-- Default test -->
  </suite> <!-- Default suite -->
</testng-results>
